{
 'time': '2024-06-12 01:06', 
 'level': 'info', 
 'message': 'Server started on port 5001'
}
{
 'time': '2024-06-12 01:06', 
 'level': 'info', 
 'message': 'Server started on port 5001'
}
{
 'time': '2024-06-12 01:08', 
 'level': 'info', 
 'message': 'Server started on port undefined'
}
{
 'time': '2024-06-12 01:08', 
 'level': 'info', 
 'message': 'Server started on port undefined'
}
{
 'time': '2024-06-12 01:08', 
 'level': 'info', 
 'message': 'Server started on port undefined'
}
{
 'time': '2024-06-12 01:08', 
 'level': 'info', 
 'message': 'Server started on port undefined'
}
{
 'time': '2024-06-12 01:08', 
 'level': 'info', 
 'message': 'Server started on port undefined'
}
{
 'time': '2024-06-12 01:09', 
 'level': 'info', 
 'message': 'Server started on port undefined'
}
{
 'time': '2024-06-12 01:09', 
 'level': 'info', 
 'message': 'Server started on port undefined'
}
{
 'time': '2024-06-12 01:09', 
 'level': 'info', 
 'message': 'Server started on port undefined'
}
{
 'time': '2024-06-12 01:09', 
 'level': 'info', 
 'message': 'Server started on port undefined'
}
{
 'time': '2024-06-12 01:09', 
 'level': 'info', 
 'message': 'Server started on port undefined'
}
{
 'time': '2024-06-12 01:10', 
 'level': 'info', 
 'message': 'Server started on port 5000'
}
{
 'time': '2024-06-12 01:10', 
 'level': 'info', 
 'message': 'Server started on port 5000'
}
