{
 'time': '2024-03-10 22:55', 
 'level': 'error', 
 'message': '[31m'
}
{
 'time': '2024-03-10 22:56', 
 'level': 'error', 
 'message': '[31m'
}
{
 'time': '2024-03-10 22:57', 
 'level': 'error', 
 'message': '[31m'
}
{
 'time': '2024-03-10 22:57', 
 'level': 'error', 
 'message': '[31m'
}
{
 'time': '2024-03-10 22:58', 
 'level': 'error', 
 'message': '[31m'
}
{
 'time': '2024-03-10 22:58', 
 'level': 'error', 
 'message': '[31m'
}
{
 'time': '2024-03-10 22:58', 
 'level': 'error', 
 'message': '[31m'
}
{
 'time': '2024-03-10 22:59', 
 'level': 'error', 
 'message': '[31m'
}
{
 'time': '2024-03-29 22:10', 
 'level': 'error', 
 'message': 'Database has error'
}
{
 'time': '2024-05-08 23:59', 
 'level': 'error', 
 'message': 'Database has error'
}
{
 'time': '2024-05-09 00:01', 
 'level': 'error', 
 'message': 'Database has error'
}
{
 'time': '2024-05-09 00:01', 
 'level': 'error', 
 'message': 'Database has error'
}
{
 'time': '2024-05-09 00:02', 
 'level': 'error', 
 'message': 'Database has error'
}
{
 'time': '2024-05-13 18:31', 
 'level': 'error', 
 'message': 'Database has error'
}
{
 'time': '2024-05-13 18:38', 
 'level': 'error', 
 'message': '[31m'
}
{
 'time': '2024-05-13 18:41', 
 'level': 'error', 
 'message': '[31m'
}
{
 'time': '2024-05-13 18:42', 
 'level': 'error', 
 'message': '[31m'
}
{
 'time': '2024-05-13 18:42', 
 'level': 'error', 
 'message': '[31m'
}
{
 'time': '2024-05-13 18:45', 
 'level': 'error', 
 'message': '[31m'
}
{
 'time': '2024-05-13 18:48', 
 'level': 'error', 
 'message': '[31m'
}
{
 'time': '2024-05-13 18:48', 
 'level': 'error', 
 'message': '[31m'
}
{
 'time': '2024-05-13 18:48', 
 'level': 'error', 
 'message': '[31m'
}
{
 'time': '2024-05-13 18:50', 
 'level': 'error', 
 'message': '[31m'
}
{
 'time': '2024-05-13 18:50', 
 'level': 'error', 
 'message': '[31m'
}
{
 'time': '2024-05-13 18:51', 
 'level': 'error', 
 'message': '[31m'
}
{
 'time': '2024-05-13 18:51', 
 'level': 'error', 
 'message': '[31m'
}
{
 'time': '2024-05-13 18:51', 
 'level': 'error', 
 'message': '[31m'
}
{
 'time': '2024-05-13 18:57', 
 'level': 'error', 
 'message': '[31m'
}
{
 'time': '2024-05-13 19:05', 
 'level': 'error', 
 'message': '[31m'
}
{
 'time': '2024-05-13 20:23', 
 'level': 'error', 
 'message': '[31m'
}
{
 'time': '2024-05-13 20:23', 
 'level': 'error', 
 'message': '[31m'
}
{
 'time': '2024-05-13 20:24', 
 'level': 'error', 
 'message': '[31m'
}
{
 'time': '2024-05-13 20:27', 
 'level': 'error', 
 'message': '[31m'
}
{
 'time': '2024-05-13 20:28', 
 'level': 'error', 
 'message': '[31m'
}
{
 'time': '2024-05-22 00:10', 
 'level': 'error', 
 'message': 'Database has error'
}
{
 'time': '2024-05-22 00:11', 
 'level': 'error', 
 'message': 'Database has error'
}
{
 'time': '2024-05-22 00:11', 
 'level': 'error', 
 'message': 'Database has error'
}
{
 'time': '2024-05-22 00:11', 
 'level': 'error', 
 'message': 'Database has error'
}
{
 'time': '2024-05-24 22:03', 
 'level': 'error', 
 'message': 'Database has error'
}
{
 'time': '2024-06-04 10:02', 
 'level': 'error', 
 'message': 'Database has error'
}
{
 'time': '2024-06-05 01:16', 
 'level': 'error', 
 'message': 'Database has error'
}
{
 'time': '2024-06-05 01:21', 
 'level': 'error', 
 'message': 'Database has error'
}
{
 'time': '2024-06-05 01:21', 
 'level': 'error', 
 'message': 'Database has error'
}
{
 'time': '2024-06-05 01:21', 
 'level': 'error', 
 'message': 'Database has error'
}
{
 'time': '2024-06-05 01:22', 
 'level': 'error', 
 'message': 'Database has error'
}
{
 'time': '2024-06-05 01:36', 
 'level': 'error', 
 'message': 'Database has error'
}
{
 'time': '2024-06-05 01:37', 
 'level': 'error', 
 'message': 'Database has error'
}
{
 'time': '2024-06-05 01:38', 
 'level': 'error', 
 'message': 'Database has error'
}
{
 'time': '2024-06-05 01:38', 
 'level': 'error', 
 'message': 'Database has error'
}
{
 'time': '2024-06-05 01:56', 
 'level': 'error', 
 'message': 'Database has error'
}
{
 'time': '2024-06-06 17:19', 
 'level': 'error', 
 'message': 'Database has error'
}
