{
 'time': '2024-03-01 23:39', 
 'level': 'info', 
 'message': 'Server started on port 5000'
}
{
 'time': '2024-03-01 23:39', 
 'level': 'info', 
 'message': 'Database is connnected'
}
{
 'time': '2024-03-01 23:41', 
 'level': 'info', 
 'message': 'Server started on port 5000'
}
{
 'time': '2024-03-01 23:41', 
 'level': 'info', 
 'message': 'Database is connnected'
}
{
 'time': '2024-03-01 23:41', 
 'level': 'info', 
 'message': 'Server started on port 5000'
}
{
 'time': '2024-03-01 23:41', 
 'level': 'info', 
 'message': 'Database is connnected'
}
{
 'time': '2024-03-01 23:41', 
 'level': 'info', 
 'message': 'Server started on port 5000'
}
{
 'time': '2024-03-01 23:41', 
 'level': 'info', 
 'message': 'Database is connnected'
}
{
 'time': '2024-03-01 23:41', 
 'level': 'info', 
 'message': 'Server started on port 5000'
}
{
 'time': '2024-03-01 23:41', 
 'level': 'info', 
 'message': 'Database is connnected'
}
{
 'time': '2024-03-01 23:42', 
 'level': 'info', 
 'message': 'Server started on port 5000'
}
{
 'time': '2024-03-01 23:42', 
 'level': 'info', 
 'message': 'Database is connnected'
}
{
 'time': '2024-03-03 01:24', 
 'level': 'info', 
 'message': 'Server started on port 5000'
}
{
 'time': '2024-03-03 01:24', 
 'level': 'info', 
 'message': 'Database is connnected'
}
{
 'time': '2024-03-03 16:12', 
 'level': 'info', 
 'message': 'Server started on port 5000'
}
{
 'time': '2024-03-03 16:12', 
 'level': 'info', 
 'message': 'Database is connnected'
}
{
 'time': '2024-03-03 20:20', 
 'level': 'info', 
 'message': 'Server started on port 5000'
}
{
 'time': '2024-03-03 20:20', 
 'level': 'info', 
 'message': 'Database is connnected'
}
{
 'time': '2024-03-09 21:57', 
 'level': 'info', 
 'message': 'Server started on port 5000'
}
{
 'time': '2024-03-09 21:57', 
 'level': 'info', 
 'message': 'Database is connnected'
}
{
 'time': '2024-03-09 22:58', 
 'level': 'info', 
 'message': 'Server started on port 5000'
}
{
 'time': '2024-03-09 22:58', 
 'level': 'info', 
 'message': 'Database is connnected'
}
{
 'time': '2024-03-09 22:58', 
 'level': 'info', 
 'message': 'Server started on port 5000'
}
{
 'time': '2024-03-09 22:58', 
 'level': 'info', 
 'message': 'Database is connnected'
}
{
 'time': '2024-03-09 22:59', 
 'level': 'info', 
 'message': 'Server started on port 5000'
}
{
 'time': '2024-03-09 22:59', 
 'level': 'info', 
 'message': 'Database is connnected'
}
{
 'time': '2024-03-09 22:59', 
 'level': 'info', 
 'message': 'Server started on port 5000'
}
{
 'time': '2024-03-09 22:59', 
 'level': 'info', 
 'message': 'Database is connnected'
}
{
 'time': '2024-03-10 17:05', 
 'level': 'info', 
 'message': 'Server started on port 5000'
}
{
 'time': '2024-03-10 17:05', 
 'level': 'info', 
 'message': 'Database is connnected'
}
{
 'time': '2024-03-10 17:15', 
 'level': 'info', 
 'message': 'Method: OPTIONS, URL: /login'
}
{
 'time': '2024-03-10 17:15', 
 'level': 'info', 
 'message': 'Method: POST, URL: /login'
}
{
 'time': '2024-03-10 17:15', 
 'level': 'info', 
 'message': 'Method: OPTIONS, URL: /login'
}
{
 'time': '2024-03-10 17:15', 
 'level': 'info', 
 'message': 'Method: POST, URL: /login'
}
{
 'time': '2024-03-10 17:16', 
 'level': 'info', 
 'message': 'Server started on port 5000'
}
{
 'time': '2024-03-10 17:16', 
 'level': 'info', 
 'message': 'Database is connnected'
}
{
 'time': '2024-03-10 17:17', 
 'level': 'info', 
 'message': 'Method: OPTIONS, URL: /login'
}
{
 'time': '2024-03-10 17:17', 
 'level': 'info', 
 'message': 'Method: POST, URL: /login'
}
{
 'time': '2024-03-10 17:18', 
 'level': 'info', 
 'message': 'Method: OPTIONS, URL: /login'
}
{
 'time': '2024-03-10 17:18', 
 'level': 'info', 
 'message': 'Method: POST, URL: /login'
}
{
 'time': '2024-03-10 17:26', 
 'level': 'info', 
 'message': 'Method: POST, URL: /login'
}
{
 'time': '2024-03-10 17:26', 
 'level': 'info', 
 'message': 'Method: POST, URL: /login'
}
{
 'time': '2024-03-10 17:26', 
 'level': 'info', 
 'message': 'Method: POST, URL: /login'
}
{
 'time': '2024-03-10 17:27', 
 'level': 'info', 
 'message': 'Method: POST, URL: /login'
}
{
 'time': '2024-03-10 17:27', 
 'level': 'info', 
 'message': 'Method: POST, URL: /login'
}
{
 'time': '2024-03-10 17:28', 
 'level': 'info', 
 'message': 'Method: POST, URL: /login'
}
{
 'time': '2024-03-10 17:29', 
 'level': 'info', 
 'message': 'Method: POST, URL: /login'
}
{
 'time': '2024-03-10 17:29', 
 'level': 'info', 
 'message': 'Method: POST, URL: /login'
}
{
 'time': '2024-03-10 17:29', 
 'level': 'info', 
 'message': 'Method: POST, URL: /login'
}
{
 'time': '2024-03-10 17:29', 
 'level': 'info', 
 'message': 'Method: POST, URL: /login'
}
{
 'time': '2024-03-10 17:29', 
 'level': 'info', 
 'message': 'Method: POST, URL: /login'
}
{
 'time': '2024-03-10 17:29', 
 'level': 'info', 
 'message': 'Method: POST, URL: /login'
}
{
 'time': '2024-03-10 17:31', 
 'level': 'info', 
 'message': 'Method: POST, URL: /register'
}
{
 'time': '2024-03-10 17:32', 
 'level': 'info', 
 'message': 'Method: POST, URL: /login'
}
{
 'time': '2024-03-10 17:32', 
 'level': 'info', 
 'message': 'Server started on port 5000'
}
{
 'time': '2024-03-10 17:32', 
 'level': 'info', 
 'message': 'Database is connnected'
}
{
 'time': '2024-03-10 17:32', 
 'level': 'info', 
 'message': 'Server started on port 5000'
}
{
 'time': '2024-03-10 17:32', 
 'level': 'info', 
 'message': 'Database is connnected'
}
{
 'time': '2024-03-10 17:32', 
 'level': 'info', 
 'message': 'Method: OPTIONS, URL: /login'
}
{
 'time': '2024-03-10 17:32', 
 'level': 'info', 
 'message': 'Server started on port 5000'
}
{
 'time': '2024-03-10 17:32', 
 'level': 'info', 
 'message': 'Database is connnected'
}
{
 'time': '2024-03-10 17:33', 
 'level': 'info', 
 'message': 'Method: OPTIONS, URL: /login'
}
{
 'time': '2024-03-10 17:33', 
 'level': 'info', 
 'message': 'Method: POST, URL: /login'
}
{
 'time': '2024-03-10 17:33', 
 'level': 'info', 
 'message': 'Server started on port 5000'
}
{
 'time': '2024-03-10 17:33', 
 'level': 'info', 
 'message': 'Database is connnected'
}
{
 'time': '2024-03-10 17:33', 
 'level': 'info', 
 'message': 'Server started on port 5000'
}
{
 'time': '2024-03-10 17:33', 
 'level': 'info', 
 'message': 'Database is connnected'
}
{
 'time': '2024-03-10 17:33', 
 'level': 'info', 
 'message': 'Method: OPTIONS, URL: /login'
}
{
 'time': '2024-03-10 17:33', 
 'level': 'info', 
 'message': 'Method: POST, URL: /login'
}
{
 'time': '2024-03-10 17:33', 
 'level': 'info', 
 'message': 'Method: POST, URL: /login'
}
{
 'time': '2024-03-10 17:33', 
 'level': 'info', 
 'message': 'Server started on port 5000'
}
{
 'time': '2024-03-10 17:33', 
 'level': 'info', 
 'message': 'Database is connnected'
}
{
 'time': '2024-03-10 17:34', 
 'level': 'info', 
 'message': 'Server started on port 5000'
}
{
 'time': '2024-03-10 17:34', 
 'level': 'info', 
 'message': 'Database is connnected'
}
{
 'time': '2024-03-10 17:34', 
 'level': 'info', 
 'message': 'Method: POST, URL: /login'
}
{
 'time': '2024-03-10 17:35', 
 'level': 'info', 
 'message': 'Method: POST, URL: /login'
}
{
 'time': '2024-03-10 17:35', 
 'level': 'info', 
 'message': 'Server started on port 5000'
}
{
 'time': '2024-03-10 17:35', 
 'level': 'info', 
 'message': 'Database is connnected'
}
{
 'time': '2024-03-10 17:35', 
 'level': 'info', 
 'message': 'Method: POST, URL: /login'
}
{
 'time': '2024-03-10 17:35', 
 'level': 'info', 
 'message': 'Server started on port 5000'
}
{
 'time': '2024-03-10 17:35', 
 'level': 'info', 
 'message': 'Database is connnected'
}
{
 'time': '2024-03-10 17:35', 
 'level': 'info', 
 'message': 'Method: POST, URL: /login'
}
{
 'time': '2024-03-10 19:56', 
 'level': 'info', 
 'message': 'Method: OPTIONS, URL: /login'
}
{
 'time': '2024-03-10 19:56', 
 'level': 'info', 
 'message': 'Method: POST, URL: /login'
}
{
 'time': '2024-03-10 19:56', 
 'level': 'info', 
 'message': 'Method: OPTIONS, URL: /login'
}
{
 'time': '2024-03-10 19:56', 
 'level': 'info', 
 'message': 'Method: POST, URL: /login'
}
{
 'time': '2024-03-10 19:57', 
 'level': 'info', 
 'message': 'Method: OPTIONS, URL: /login'
}
{
 'time': '2024-03-10 19:57', 
 'level': 'info', 
 'message': 'Method: POST, URL: /login'
}
{
 'time': '2024-03-10 19:57', 
 'level': 'info', 
 'message': 'Method: OPTIONS, URL: /login'
}
{
 'time': '2024-03-10 19:57', 
 'level': 'info', 
 'message': 'Method: POST, URL: /login'
}
{
 'time': '2024-03-10 19:59', 
 'level': 'info', 
 'message': 'Server started on port 5000'
}
{
 'time': '2024-03-10 19:59', 
 'level': 'info', 
 'message': 'Database is connnected'
}
{
 'time': '2024-03-10 19:59', 
 'level': 'info', 
 'message': 'Server started on port 5000'
}
{
 'time': '2024-03-10 19:59', 
 'level': 'info', 
 'message': 'Database is connnected'
}
{
 'time': '2024-03-10 19:59', 
 'level': 'info', 
 'message': 'Method: OPTIONS, URL: /login'
}
{
 'time': '2024-03-10 19:59', 
 'level': 'info', 
 'message': 'Method: POST, URL: /login'
}
{
 'time': '2024-03-10 20:06', 
 'level': 'info', 
 'message': 'Server started on port 5000'
}
{
 'time': '2024-03-10 20:06', 
 'level': 'info', 
 'message': 'Database is connnected'
}
{
 'time': '2024-03-10 20:07', 
 'level': 'info', 
 'message': 'Server started on port 5000'
}
{
 'time': '2024-03-10 20:07', 
 'level': 'info', 
 'message': 'Database is connnected'
}
{
 'time': '2024-03-10 20:07', 
 'level': 'info', 
 'message': 'Method: OPTIONS, URL: /login'
}
{
 'time': '2024-03-10 20:07', 
 'level': 'info', 
 'message': 'Method: POST, URL: /login'
}
{
 'time': '2024-03-10 20:07', 
 'level': 'info', 
 'message': 'Method: OPTIONS, URL: /login'
}
{
 'time': '2024-03-10 20:07', 
 'level': 'info', 
 'message': 'Method: POST, URL: /login'
}
{
 'time': '2024-03-10 20:08', 
 'level': 'info', 
 'message': 'Server started on port 5000'
}
{
 'time': '2024-03-10 20:08', 
 'level': 'info', 
 'message': 'Database is connnected'
}
{
 'time': '2024-03-10 20:08', 
 'level': 'info', 
 'message': 'Method: OPTIONS, URL: /login'
}
{
 'time': '2024-03-10 20:08', 
 'level': 'info', 
 'message': 'Method: POST, URL: /login'
}
{
 'time': '2024-03-10 20:10', 
 'level': 'info', 
 'message': 'Method: OPTIONS, URL: /login'
}
{
 'time': '2024-03-10 20:10', 
 'level': 'info', 
 'message': 'Method: POST, URL: /login'
}
{
 'time': '2024-03-10 20:32', 
 'level': 'info', 
 'message': 'Method: OPTIONS, URL: /login'
}
{
 'time': '2024-03-10 20:32', 
 'level': 'info', 
 'message': 'Method: POST, URL: /login'
}
{
 'time': '2024-03-10 20:34', 
 'level': 'info', 
 'message': 'Method: OPTIONS, URL: /login'
}
{
 'time': '2024-03-10 20:34', 
 'level': 'info', 
 'message': 'Method: POST, URL: /login'
}
{
 'time': '2024-03-10 20:35', 
 'level': 'info', 
 'message': 'Method: OPTIONS, URL: /login'
}
{
 'time': '2024-03-10 20:35', 
 'level': 'info', 
 'message': 'Method: POST, URL: /login'
}
{
 'time': '2024-03-10 20:37', 
 'level': 'info', 
 'message': 'Method: OPTIONS, URL: /login'
}
{
 'time': '2024-03-10 20:37', 
 'level': 'info', 
 'message': 'Method: POST, URL: /login'
}
{
 'time': '2024-03-10 20:38', 
 'level': 'info', 
 'message': 'Method: OPTIONS, URL: /login'
}
{
 'time': '2024-03-10 20:38', 
 'level': 'info', 
 'message': 'Method: POST, URL: /login'
}
{
 'time': '2024-03-10 20:38', 
 'level': 'info', 
 'message': 'Method: OPTIONS, URL: /login'
}
{
 'time': '2024-03-10 20:38', 
 'level': 'info', 
 'message': 'Method: POST, URL: /login'
}
{
 'time': '2024-03-10 20:38', 
 'level': 'info', 
 'message': 'Method: OPTIONS, URL: /login'
}
{
 'time': '2024-03-10 20:38', 
 'level': 'info', 
 'message': 'Method: POST, URL: /login'
}
{
 'time': '2024-03-10 20:39', 
 'level': 'info', 
 'message': 'Method: OPTIONS, URL: /login'
}
{
 'time': '2024-03-10 20:39', 
 'level': 'info', 
 'message': 'Method: POST, URL: /login'
}
{
 'time': '2024-03-10 20:39', 
 'level': 'info', 
 'message': 'Method: OPTIONS, URL: /login'
}
{
 'time': '2024-03-10 20:39', 
 'level': 'info', 
 'message': 'Method: POST, URL: /login'
}
{
 'time': '2024-03-10 20:41', 
 'level': 'info', 
 'message': 'Method: OPTIONS, URL: /login'
}
{
 'time': '2024-03-10 20:41', 
 'level': 'info', 
 'message': 'Method: POST, URL: /login'
}
{
 'time': '2024-03-10 20:41', 
 'level': 'info', 
 'message': 'Method: POST, URL: /login'
}
{
 'time': '2024-03-10 20:41', 
 'level': 'info', 
 'message': 'Method: POST, URL: /login'
}
{
 'time': '2024-03-10 20:41', 
 'level': 'info', 
 'message': 'Method: OPTIONS, URL: /login'
}
{
 'time': '2024-03-10 20:41', 
 'level': 'info', 
 'message': 'Method: POST, URL: /login'
}
{
 'time': '2024-03-10 20:42', 
 'level': 'info', 
 'message': 'Method: OPTIONS, URL: /login'
}
{
 'time': '2024-03-10 20:42', 
 'level': 'info', 
 'message': 'Method: POST, URL: /login'
}
{
 'time': '2024-03-10 20:42', 
 'level': 'info', 
 'message': 'Method: POST, URL: /login'
}
{
 'time': '2024-03-10 20:42', 
 'level': 'info', 
 'message': 'Method: OPTIONS, URL: /login'
}
{
 'time': '2024-03-10 20:42', 
 'level': 'info', 
 'message': 'Method: POST, URL: /login'
}
{
 'time': '2024-03-10 20:42', 
 'level': 'info', 
 'message': 'Method: OPTIONS, URL: /login'
}
{
 'time': '2024-03-10 20:42', 
 'level': 'info', 
 'message': 'Method: POST, URL: /login'
}
{
 'time': '2024-03-10 20:43', 
 'level': 'info', 
 'message': 'Method: POST, URL: /login'
}
{
 'time': '2024-03-10 20:43', 
 'level': 'info', 
 'message': 'Method: OPTIONS, URL: /login'
}
{
 'time': '2024-03-10 20:43', 
 'level': 'info', 
 'message': 'Method: POST, URL: /login'
}
{
 'time': '2024-03-10 20:43', 
 'level': 'info', 
 'message': 'Method: OPTIONS, URL: /login'
}
{
 'time': '2024-03-10 20:43', 
 'level': 'info', 
 'message': 'Method: POST, URL: /login'
}
{
 'time': '2024-03-10 20:43', 
 'level': 'info', 
 'message': 'Method: POST, URL: /login'
}
{
 'time': '2024-03-10 20:43', 
 'level': 'info', 
 'message': 'Method: OPTIONS, URL: /login'
}
{
 'time': '2024-03-10 20:43', 
 'level': 'info', 
 'message': 'Method: POST, URL: /login'
}
{
 'time': '2024-03-10 20:44', 
 'level': 'info', 
 'message': 'Method: OPTIONS, URL: /login'
}
{
 'time': '2024-03-10 20:44', 
 'level': 'info', 
 'message': 'Method: POST, URL: /login'
}
{
 'time': '2024-03-10 20:44', 
 'level': 'info', 
 'message': 'Method: POST, URL: /login'
}
{
 'time': '2024-03-10 20:44', 
 'level': 'info', 
 'message': 'Method: OPTIONS, URL: /login'
}
{
 'time': '2024-03-10 20:44', 
 'level': 'info', 
 'message': 'Method: POST, URL: /login'
}
{
 'time': '2024-03-10 20:45', 
 'level': 'info', 
 'message': 'Method: OPTIONS, URL: /login'
}
{
 'time': '2024-03-10 20:45', 
 'level': 'info', 
 'message': 'Method: POST, URL: /login'
}
{
 'time': '2024-03-10 20:45', 
 'level': 'info', 
 'message': 'Method: OPTIONS, URL: /login'
}
{
 'time': '2024-03-10 20:45', 
 'level': 'info', 
 'message': 'Method: POST, URL: /login'
}
{
 'time': '2024-03-10 20:45', 
 'level': 'info', 
 'message': 'Method: OPTIONS, URL: /login'
}
{
 'time': '2024-03-10 20:45', 
 'level': 'info', 
 'message': 'Method: POST, URL: /login'
}
{
 'time': '2024-03-10 20:45', 
 'level': 'info', 
 'message': 'Method: OPTIONS, URL: /login'
}
{
 'time': '2024-03-10 20:45', 
 'level': 'info', 
 'message': 'Method: POST, URL: /login'
}
{
 'time': '2024-03-10 20:45', 
 'level': 'info', 
 'message': 'Method: OPTIONS, URL: /login'
}
{
 'time': '2024-03-10 20:45', 
 'level': 'info', 
 'message': 'Method: POST, URL: /login'
}
{
 'time': '2024-03-10 20:46', 
 'level': 'info', 
 'message': 'Method: OPTIONS, URL: /login'
}
{
 'time': '2024-03-10 20:46', 
 'level': 'info', 
 'message': 'Method: POST, URL: /login'
}
{
 'time': '2024-03-10 20:46', 
 'level': 'info', 
 'message': 'Server started on port 5000'
}
{
 'time': '2024-03-10 20:46', 
 'level': 'info', 
 'message': 'Database is connnected'
}
{
 'time': '2024-03-10 20:46', 
 'level': 'info', 
 'message': 'Method: OPTIONS, URL: /login'
}
{
 'time': '2024-03-10 20:46', 
 'level': 'info', 
 'message': 'Method: POST, URL: /login'
}
{
 'time': '2024-03-10 20:47', 
 'level': 'info', 
 'message': 'Server started on port 5000'
}
{
 'time': '2024-03-10 20:47', 
 'level': 'info', 
 'message': 'Database is connnected'
}
{
 'time': '2024-03-10 20:47', 
 'level': 'info', 
 'message': 'Method: OPTIONS, URL: /login'
}
{
 'time': '2024-03-10 20:47', 
 'level': 'info', 
 'message': 'Method: POST, URL: /login'
}
{
 'time': '2024-03-10 20:47', 
 'level': 'info', 
 'message': 'Server started on port 5000'
}
{
 'time': '2024-03-10 20:47', 
 'level': 'info', 
 'message': 'Database is connnected'
}
{
 'time': '2024-03-10 20:47', 
 'level': 'info', 
 'message': 'Method: OPTIONS, URL: /login'
}
{
 'time': '2024-03-10 20:47', 
 'level': 'info', 
 'message': 'Method: POST, URL: /login'
}
{
 'time': '2024-03-10 20:47', 
 'level': 'info', 
 'message': 'Method: POST, URL: /login'
}
{
 'time': '2024-03-10 20:47', 
 'level': 'info', 
 'message': 'Method: OPTIONS, URL: /login'
}
{
 'time': '2024-03-10 20:47', 
 'level': 'info', 
 'message': 'Method: POST, URL: /login'
}
{
 'time': '2024-03-10 20:47', 
 'level': 'info', 
 'message': 'Method: POST, URL: /login'
}
{
 'time': '2024-03-10 20:48', 
 'level': 'info', 
 'message': 'Server started on port 5000'
}
{
 'time': '2024-03-10 20:48', 
 'level': 'info', 
 'message': 'Database is connnected'
}
{
 'time': '2024-03-10 20:48', 
 'level': 'info', 
 'message': 'Server started on port 5000'
}
{
 'time': '2024-03-10 20:48', 
 'level': 'info', 
 'message': 'Database is connnected'
}
{
 'time': '2024-03-10 20:48', 
 'level': 'info', 
 'message': 'Method: OPTIONS, URL: /login'
}
{
 'time': '2024-03-10 20:48', 
 'level': 'info', 
 'message': 'Method: POST, URL: /login'
}
{
 'time': '2024-03-10 20:49', 
 'level': 'info', 
 'message': 'Server started on port 5000'
}
{
 'time': '2024-03-10 20:49', 
 'level': 'info', 
 'message': 'Database is connnected'
}
{
 'time': '2024-03-10 20:49', 
 'level': 'info', 
 'message': 'Method: OPTIONS, URL: /login'
}
{
 'time': '2024-03-10 20:49', 
 'level': 'info', 
 'message': 'Method: POST, URL: /login'
}
{
 'time': '2024-03-10 20:49', 
 'level': 'info', 
 'message': 'Server started on port 5000'
}
{
 'time': '2024-03-10 20:49', 
 'level': 'info', 
 'message': 'Database is connnected'
}
{
 'time': '2024-03-10 20:49', 
 'level': 'info', 
 'message': 'Method: OPTIONS, URL: /login'
}
{
 'time': '2024-03-10 20:49', 
 'level': 'info', 
 'message': 'Method: POST, URL: /login'
}
{
 'time': '2024-03-10 20:50', 
 'level': 'info', 
 'message': 'Server started on port 5000'
}
{
 'time': '2024-03-10 20:50', 
 'level': 'info', 
 'message': 'Database is connnected'
}
{
 'time': '2024-03-10 20:51', 
 'level': 'info', 
 'message': 'Method: OPTIONS, URL: /login'
}
{
 'time': '2024-03-10 20:51', 
 'level': 'info', 
 'message': 'Method: POST, URL: /login'
}
{
 'time': '2024-03-10 20:51', 
 'level': 'info', 
 'message': 'Server started on port 5000'
}
{
 'time': '2024-03-10 20:51', 
 'level': 'info', 
 'message': 'Database is connnected'
}
{
 'time': '2024-03-10 21:11', 
 'level': 'info', 
 'message': 'Method: OPTIONS, URL: /login'
}
{
 'time': '2024-03-10 21:11', 
 'level': 'info', 
 'message': 'Method: POST, URL: /login'
}
{
 'time': '2024-03-10 21:21', 
 'level': 'info', 
 'message': 'Method: OPTIONS, URL: /login'
}
{
 'time': '2024-03-10 21:21', 
 'level': 'info', 
 'message': 'Method: POST, URL: /login'
}
{
 'time': '2024-03-10 21:30', 
 'level': 'info', 
 'message': 'Method: OPTIONS, URL: /login'
}
{
 'time': '2024-03-10 21:30', 
 'level': 'info', 
 'message': 'Method: POST, URL: /login'
}
{
 'time': '2024-03-10 21:31', 
 'level': 'info', 
 'message': 'Method: OPTIONS, URL: /login'
}
{
 'time': '2024-03-10 21:31', 
 'level': 'info', 
 'message': 'Method: POST, URL: /login'
}
{
 'time': '2024-03-10 21:32', 
 'level': 'info', 
 'message': 'Method: OPTIONS, URL: /login'
}
{
 'time': '2024-03-10 21:32', 
 'level': 'info', 
 'message': 'Method: POST, URL: /login'
}
{
 'time': '2024-03-10 21:32', 
 'level': 'info', 
 'message': 'Method: OPTIONS, URL: /login'
}
{
 'time': '2024-03-10 21:32', 
 'level': 'info', 
 'message': 'Method: POST, URL: /login'
}
{
 'time': '2024-03-10 21:35', 
 'level': 'info', 
 'message': 'Method: OPTIONS, URL: /login'
}
{
 'time': '2024-03-10 21:35', 
 'level': 'info', 
 'message': 'Method: POST, URL: /login'
}
{
 'time': '2024-03-10 21:35', 
 'level': 'info', 
 'message': 'Method: OPTIONS, URL: /login'
}
{
 'time': '2024-03-10 21:35', 
 'level': 'info', 
 'message': 'Method: POST, URL: /login'
}
{
 'time': '2024-03-10 21:36', 
 'level': 'info', 
 'message': 'Method: OPTIONS, URL: /login'
}
{
 'time': '2024-03-10 21:36', 
 'level': 'info', 
 'message': 'Method: POST, URL: /login'
}
{
 'time': '2024-03-10 21:38', 
 'level': 'info', 
 'message': 'Method: OPTIONS, URL: /login'
}
{
 'time': '2024-03-10 21:38', 
 'level': 'info', 
 'message': 'Method: POST, URL: /login'
}
{
 'time': '2024-03-10 21:39', 
 'level': 'info', 
 'message': 'Method: OPTIONS, URL: /login'
}
{
 'time': '2024-03-10 21:39', 
 'level': 'info', 
 'message': 'Method: POST, URL: /login'
}
{
 'time': '2024-03-10 21:44', 
 'level': 'info', 
 'message': 'Method: OPTIONS, URL: /login'
}
{
 'time': '2024-03-10 21:44', 
 'level': 'info', 
 'message': 'Method: POST, URL: /login'
}
{
 'time': '2024-03-10 21:44', 
 'level': 'info', 
 'message': 'Method: OPTIONS, URL: /login'
}
{
 'time': '2024-03-10 21:44', 
 'level': 'info', 
 'message': 'Method: POST, URL: /login'
}
{
 'time': '2024-03-10 21:48', 
 'level': 'info', 
 'message': 'Method: OPTIONS, URL: /login'
}
{
 'time': '2024-03-10 21:48', 
 'level': 'info', 
 'message': 'Method: POST, URL: /login'
}
{
 'time': '2024-03-10 22:00', 
 'level': 'info', 
 'message': 'Method: OPTIONS, URL: /login'
}
{
 'time': '2024-03-10 22:00', 
 'level': 'info', 
 'message': 'Method: POST, URL: /login'
}
{
 'time': '2024-03-10 22:00', 
 'level': 'info', 
 'message': 'Method: OPTIONS, URL: /login'
}
{
 'time': '2024-03-10 22:00', 
 'level': 'info', 
 'message': 'Method: POST, URL: /login'
}
{
 'time': '2024-03-10 22:01', 
 'level': 'info', 
 'message': 'Method: OPTIONS, URL: /login'
}
{
 'time': '2024-03-10 22:01', 
 'level': 'info', 
 'message': 'Method: POST, URL: /login'
}
{
 'time': '2024-03-10 22:01', 
 'level': 'info', 
 'message': 'Method: OPTIONS, URL: /login'
}
{
 'time': '2024-03-10 22:01', 
 'level': 'info', 
 'message': 'Method: POST, URL: /login'
}
{
 'time': '2024-03-10 22:04', 
 'level': 'info', 
 'message': 'Method: OPTIONS, URL: /login'
}
{
 'time': '2024-03-10 22:04', 
 'level': 'info', 
 'message': 'Method: POST, URL: /login'
}
{
 'time': '2024-03-10 22:31', 
 'level': 'info', 
 'message': 'Method: OPTIONS, URL: /login'
}
{
 'time': '2024-03-10 22:31', 
 'level': 'info', 
 'message': 'Method: POST, URL: /login'
}
{
 'time': '2024-03-10 22:32', 
 'level': 'info', 
 'message': 'Method: OPTIONS, URL: /login'
}
{
 'time': '2024-03-10 22:32', 
 'level': 'info', 
 'message': 'Method: POST, URL: /login'
}
{
 'time': '2024-03-10 22:39', 
 'level': 'info', 
 'message': 'Method: OPTIONS, URL: /register'
}
{
 'time': '2024-03-10 22:39', 
 'level': 'info', 
 'message': 'Method: POST, URL: /register'
}
{
 'time': '2024-03-10 22:41', 
 'level': 'info', 
 'message': 'Method: OPTIONS, URL: /register'
}
{
 'time': '2024-03-10 22:41', 
 'level': 'info', 
 'message': 'Method: POST, URL: /register'
}
{
 'time': '2024-03-10 22:41', 
 'level': 'info', 
 'message': 'Server started on port 5000'
}
{
 'time': '2024-03-10 22:41', 
 'level': 'info', 
 'message': 'Database is connnected'
}
{
 'time': '2024-03-10 22:41', 
 'level': 'info', 
 'message': 'Method: OPTIONS, URL: /register'
}
{
 'time': '2024-03-10 22:41', 
 'level': 'info', 
 'message': 'Method: POST, URL: /register'
}
{
 'time': '2024-03-10 22:43', 
 'level': 'info', 
 'message': 'Method: OPTIONS, URL: /register'
}
{
 'time': '2024-03-10 22:43', 
 'level': 'info', 
 'message': 'Method: POST, URL: /register'
}
{
 'time': '2024-03-10 22:45', 
 'level': 'info', 
 'message': 'Method: OPTIONS, URL: /register'
}
{
 'time': '2024-03-10 22:45', 
 'level': 'info', 
 'message': 'Method: POST, URL: /register'
}
{
 'time': '2024-03-10 22:48', 
 'level': 'info', 
 'message': 'Method: OPTIONS, URL: /register'
}
{
 'time': '2024-03-10 22:48', 
 'level': 'info', 
 'message': 'Method: POST, URL: /register'
}
{
 'time': '2024-03-10 22:49', 
 'level': 'info', 
 'message': 'Method: OPTIONS, URL: /register'
}
{
 'time': '2024-03-10 22:49', 
 'level': 'info', 
 'message': 'Method: POST, URL: /register'
}
{
 'time': '2024-03-10 22:49', 
 'level': 'info', 
 'message': 'Method: OPTIONS, URL: /register'
}
{
 'time': '2024-03-10 22:49', 
 'level': 'info', 
 'message': 'Method: POST, URL: /register'
}
{
 'time': '2024-03-10 22:49', 
 'level': 'info', 
 'message': 'Server started on port 5000'
}
{
 'time': '2024-03-10 22:49', 
 'level': 'info', 
 'message': 'Database is connnected'
}
{
 'time': '2024-03-10 22:50', 
 'level': 'info', 
 'message': 'Method: OPTIONS, URL: /register'
}
{
 'time': '2024-03-10 22:50', 
 'level': 'info', 
 'message': 'Method: POST, URL: /register'
}
{
 'time': '2024-03-10 22:50', 
 'level': 'info', 
 'message': 'Method: OPTIONS, URL: /register'
}
{
 'time': '2024-03-10 22:50', 
 'level': 'info', 
 'message': 'Method: POST, URL: /register'
}
{
 'time': '2024-03-10 22:51', 
 'level': 'info', 
 'message': 'Server started on port 5000'
}
{
 'time': '2024-03-10 22:51', 
 'level': 'info', 
 'message': 'Database is connnected'
}
{
 'time': '2024-03-10 22:51', 
 'level': 'info', 
 'message': 'Method: OPTIONS, URL: /register'
}
{
 'time': '2024-03-10 22:51', 
 'level': 'info', 
 'message': 'Method: POST, URL: /register'
}
{
 'time': '2024-03-10 22:52', 
 'level': 'info', 
 'message': 'Server started on port 5000'
}
{
 'time': '2024-03-10 22:52', 
 'level': 'info', 
 'message': 'Database is connnected'
}
{
 'time': '2024-03-10 22:52', 
 'level': 'info', 
 'message': 'Method: OPTIONS, URL: /register'
}
{
 'time': '2024-03-10 22:52', 
 'level': 'info', 
 'message': 'Method: POST, URL: /register'
}
{
 'time': '2024-03-10 22:53', 
 'level': 'info', 
 'message': 'Server started on port 5000'
}
{
 'time': '2024-03-10 22:53', 
 'level': 'info', 
 'message': 'Database is connnected'
}
{
 'time': '2024-03-10 22:53', 
 'level': 'info', 
 'message': 'Method: OPTIONS, URL: /register'
}
{
 'time': '2024-03-10 22:53', 
 'level': 'info', 
 'message': 'Method: POST, URL: /register'
}
{
 'time': '2024-03-10 22:53', 
 'level': 'info', 
 'message': 'Server started on port 5000'
}
{
 'time': '2024-03-10 22:53', 
 'level': 'info', 
 'message': 'Database is connnected'
}
{
 'time': '2024-03-10 22:54', 
 'level': 'info', 
 'message': 'Server started on port 5000'
}
{
 'time': '2024-03-10 22:54', 
 'level': 'info', 
 'message': 'Database is connnected'
}
{
 'time': '2024-03-10 22:54', 
 'level': 'info', 
 'message': 'Server started on port 5000'
}
{
 'time': '2024-03-10 22:54', 
 'level': 'info', 
 'message': 'Database is connnected'
}
{
 'time': '2024-03-10 22:54', 
 'level': 'info', 
 'message': 'Server started on port 5000'
}
{
 'time': '2024-03-10 22:54', 
 'level': 'info', 
 'message': 'Database is connnected'
}
{
 'time': '2024-03-10 22:54', 
 'level': 'info', 
 'message': 'Server started on port 5000'
}
{
 'time': '2024-03-10 22:54', 
 'level': 'info', 
 'message': 'Database is connnected'
}
{
 'time': '2024-03-10 22:55', 
 'level': 'info', 
 'message': 'Method: OPTIONS, URL: /register'
}
{
 'time': '2024-03-10 22:55', 
 'level': 'info', 
 'message': 'Method: POST, URL: /register'
}
{
 'time': '2024-03-10 22:55', 
 'level': 'error', 
 'message': '[31m'
}
{
 'time': '2024-03-10 22:56', 
 'level': 'info', 
 'message': 'Server started on port 5000'
}
{
 'time': '2024-03-10 22:56', 
 'level': 'info', 
 'message': 'Database is connnected'
}
{
 'time': '2024-03-10 22:56', 
 'level': 'info', 
 'message': 'Method: POST, URL: /register'
}
{
 'time': '2024-03-10 22:56', 
 'level': 'error', 
 'message': '[31m'
}
{
 'time': '2024-03-10 22:57', 
 'level': 'info', 
 'message': 'Method: OPTIONS, URL: /register'
}
{
 'time': '2024-03-10 22:57', 
 'level': 'info', 
 'message': 'Method: POST, URL: /register'
}
{
 'time': '2024-03-10 22:57', 
 'level': 'error', 
 'message': '[31m'
}
{
 'time': '2024-03-10 22:57', 
 'level': 'info', 
 'message': 'Server started on port 5000'
}
{
 'time': '2024-03-10 22:57', 
 'level': 'info', 
 'message': 'Database is connnected'
}
{
 'time': '2024-03-10 22:57', 
 'level': 'info', 
 'message': 'Method: POST, URL: /register'
}
{
 'time': '2024-03-10 22:57', 
 'level': 'error', 
 'message': '[31m'
}
{
 'time': '2024-03-10 22:58', 
 'level': 'info', 
 'message': 'Server started on port 5000'
}
{
 'time': '2024-03-10 22:58', 
 'level': 'info', 
 'message': 'Database is connnected'
}
{
 'time': '2024-03-10 22:58', 
 'level': 'info', 
 'message': 'Method: OPTIONS, URL: /register'
}
{
 'time': '2024-03-10 22:58', 
 'level': 'info', 
 'message': 'Method: POST, URL: /register'
}
{
 'time': '2024-03-10 22:58', 
 'level': 'error', 
 'message': '[31m'
}
{
 'time': '2024-03-10 22:58', 
 'level': 'info', 
 'message': 'Server started on port 5000'
}
{
 'time': '2024-03-10 22:58', 
 'level': 'info', 
 'message': 'Database is connnected'
}
{
 'time': '2024-03-10 22:58', 
 'level': 'info', 
 'message': 'Method: POST, URL: /register'
}
{
 'time': '2024-03-10 22:58', 
 'level': 'error', 
 'message': '[31m'
}
{
 'time': '2024-03-10 22:58', 
 'level': 'info', 
 'message': 'Method: OPTIONS, URL: /register'
}
{
 'time': '2024-03-10 22:58', 
 'level': 'info', 
 'message': 'Method: POST, URL: /register'
}
{
 'time': '2024-03-10 22:58', 
 'level': 'info', 
 'message': 'Method: OPTIONS, URL: /register'
}
{
 'time': '2024-03-10 22:58', 
 'level': 'info', 
 'message': 'Method: POST, URL: /register'
}
{
 'time': '2024-03-10 22:58', 
 'level': 'error', 
 'message': '[31m'
}
{
 'time': '2024-03-10 22:59', 
 'level': 'info', 
 'message': 'Server started on port 5000'
}
{
 'time': '2024-03-10 22:59', 
 'level': 'info', 
 'message': 'Database is connnected'
}
{
 'time': '2024-03-10 22:59', 
 'level': 'info', 
 'message': 'Method: POST, URL: /register'
}
{
 'time': '2024-03-10 22:59', 
 'level': 'error', 
 'message': '[31m'
}
{
 'time': '2024-03-10 23:00', 
 'level': 'info', 
 'message': 'Server started on port 5000'
}
{
 'time': '2024-03-10 23:00', 
 'level': 'info', 
 'message': 'Database is connnected'
}
{
 'time': '2024-03-12 18:54', 
 'level': 'info', 
 'message': 'Server started on port 5000'
}
{
 'time': '2024-03-12 18:54', 
 'level': 'info', 
 'message': 'Database is connnected'
}
{
 'time': '2024-03-12 20:01', 
 'level': 'info', 
 'message': 'Server started on port 5000'
}
{
 'time': '2024-03-12 20:01', 
 'level': 'info', 
 'message': 'Database is connnected'
}
{
 'time': '2024-03-16 00:01', 
 'level': 'info', 
 'message': 'Server started on port 5000'
}
{
 'time': '2024-03-16 00:01', 
 'level': 'info', 
 'message': 'Database is connnected'
}
{
 'time': '2024-03-16 00:01', 
 'level': 'info', 
 'message': 'Method: OPTIONS, URL: /login'
}
{
 'time': '2024-03-16 00:01', 
 'level': 'info', 
 'message': 'Method: POST, URL: /login'
}
{
 'time': '2024-03-29 22:10', 
 'level': 'info', 
 'message': 'Server started on port 5000'
}
{
 'time': '2024-03-29 22:10', 
 'level': 'error', 
 'message': 'Database has error'
}
{
 'time': '2024-04-18 18:20', 
 'level': 'info', 
 'message': 'Server started on port 5000'
}
{
 'time': '2024-04-18 18:20', 
 'level': 'info', 
 'message': 'Database is connnected'
}
{
 'time': '2024-04-19 22:48', 
 'level': 'info', 
 'message': 'Server started on port 5000'
}
{
 'time': '2024-04-19 22:48', 
 'level': 'info', 
 'message': 'Database is connnected'
}
{
 'time': '2024-04-19 22:48', 
 'level': 'info', 
 'message': 'Method: GET, URL: /socket.io/?EIO=4&transport=polling&t=Oxu7X80'
}
{
 'time': '2024-04-19 22:48', 
 'level': 'info', 
 'message': 'Method: GET, URL: /socket.io/?EIO=4&transport=polling&t=Oxu7Ybl'
}
{
 'time': '2024-04-19 22:48', 
 'level': 'info', 
 'message': 'Method: GET, URL: /socket.io/?EIO=4&transport=polling&t=Oxu7a3V'
}
{
 'time': '2024-04-19 22:48', 
 'level': 'info', 
 'message': 'Method: GET, URL: /socket.io/?EIO=4&transport=polling&t=Oxu7bXM'
}
{
 'time': '2024-04-19 22:48', 
 'level': 'info', 
 'message': 'Server started on port 5000'
}
{
 'time': '2024-04-19 22:48', 
 'level': 'info', 
 'message': 'Database is connnected'
}
{
 'time': '2024-04-19 22:49', 
 'level': 'info', 
 'message': 'Method: OPTIONS, URL: /login'
}
{
 'time': '2024-04-19 22:49', 
 'level': 'info', 
 'message': 'Method: POST, URL: /login'
}
{
 'time': '2024-04-19 22:49', 
 'level': 'info', 
 'message': 'Method: POST, URL: /login'
}
{
 'time': '2024-04-19 22:49', 
 'level': 'info', 
 'message': 'Method: OPTIONS, URL: /login'
}
{
 'time': '2024-04-19 22:49', 
 'level': 'info', 
 'message': 'Method: POST, URL: /login'
}
{
 'time': '2024-04-19 22:49', 
 'level': 'info', 
 'message': 'Method: OPTIONS, URL: /login'
}
{
 'time': '2024-04-19 22:49', 
 'level': 'info', 
 'message': 'Method: POST, URL: /login'
}
{
 'time': '2024-04-21 17:08', 
 'level': 'info', 
 'message': 'Server started on port 5000'
}
{
 'time': '2024-04-21 17:08', 
 'level': 'info', 
 'message': 'Database is connnected'
}
{
 'time': '2024-04-21 17:11', 
 'level': 'info', 
 'message': 'Server started on port 5000'
}
{
 'time': '2024-04-21 17:11', 
 'level': 'info', 
 'message': 'Database is connnected'
}
{
 'time': '2024-04-26 21:53', 
 'level': 'info', 
 'message': 'Server started on port 5000'
}
{
 'time': '2024-04-26 21:53', 
 'level': 'info', 
 'message': 'Database is connnected'
}
{
 'time': '2024-04-26 21:55', 
 'level': 'info', 
 'message': 'Server started on port 5000'
}
{
 'time': '2024-04-26 21:55', 
 'level': 'info', 
 'message': 'Database is connnected'
}
{
 'time': '2024-04-26 21:55', 
 'level': 'info', 
 'message': 'Server started on port 5000'
}
{
 'time': '2024-04-26 21:55', 
 'level': 'info', 
 'message': 'Database is connnected'
}
{
 'time': '2024-04-30 21:41', 
 'level': 'info', 
 'message': 'Server started on port 5000'
}
{
 'time': '2024-04-30 21:41', 
 'level': 'info', 
 'message': 'Database is connnected'
}
{
 'time': '2024-04-30 21:41', 
 'level': 'info', 
 'message': 'Method: POST, URL: /login/'
}
{
 'time': '2024-04-30 21:43', 
 'level': 'info', 
 'message': 'Server started on port 5000'
}
{
 'time': '2024-04-30 21:43', 
 'level': 'info', 
 'message': 'Database is connnected'
}
{
 'time': '2024-04-30 21:44', 
 'level': 'info', 
 'message': 'Server started on port 5000'
}
{
 'time': '2024-04-30 21:44', 
 'level': 'info', 
 'message': 'Database is connnected'
}
{
 'time': '2024-04-30 21:45', 
 'level': 'info', 
 'message': 'Method: POST, URL: /login/'
}
{
 'time': '2024-04-30 21:47', 
 'level': 'info', 
 'message': 'Server started on port 5000'
}
{
 'time': '2024-04-30 21:47', 
 'level': 'info', 
 'message': 'Database is connnected'
}
{
 'time': '2024-04-30 21:47', 
 'level': 'info', 
 'message': 'Method: POST, URL: /login/, IP: 192.168.0.219'
}
{
 'time': '2024-04-30 21:48', 
 'level': 'info', 
 'message': 'Server started on port 5000'
}
{
 'time': '2024-04-30 21:48', 
 'level': 'info', 
 'message': 'Database is connnected'
}
{
 'time': '2024-04-30 21:48', 
 'level': 'info', 
 'message': 'Server started on port 5000'
}
{
 'time': '2024-04-30 21:48', 
 'level': 'info', 
 'message': 'Database is connnected'
}
{
 'time': '2024-04-30 21:48', 
 'level': 'info', 
 'message': 'Method: POST, URL: /login/, IP: 192.168.0.219'
}
{
 'time': '2024-04-30 21:48', 
 'level': 'info', 
 'message': 'Server started on port 5000'
}
{
 'time': '2024-04-30 21:48', 
 'level': 'info', 
 'message': 'Database is connnected'
}
{
 'time': '2024-04-30 21:48', 
 'level': 'info', 
 'message': 'Method: POST, URL: /login/, IP: 192.168.0.219'
}
{
 'time': '2024-04-30 21:49', 
 'level': 'info', 
 'message': 'Server started on port 5000'
}
{
 'time': '2024-04-30 21:49', 
 'level': 'info', 
 'message': 'Database is connnected'
}
{
 'time': '2024-04-30 21:49', 
 'level': 'info', 
 'message': 'Method: POST, URL: /login/, IP: 192.168.0.219'
}
{
 'time': '2024-04-30 21:50', 
 'level': 'info', 
 'message': 'Server started on port 5000'
}
{
 'time': '2024-04-30 21:50', 
 'level': 'info', 
 'message': 'Database is connnected'
}
{
 'time': '2024-04-30 22:15', 
 'level': 'info', 
 'message': 'Method: POST, URL: /login/, IP: 192.168.0.219'
}
{
 'time': '2024-04-30 22:16', 
 'level': 'info', 
 'message': 'Server started on port 5000'
}
{
 'time': '2024-04-30 22:16', 
 'level': 'info', 
 'message': 'Database is connnected'
}
{
 'time': '2024-04-30 22:16', 
 'level': 'info', 
 'message': 'POST, URL: /login/, IP: 192.168.0.219'
}
{
 'time': '2024-04-30 22:16', 
 'level': 'info', 
 'message': 'Server started on port 5000'
}
{
 'time': '2024-04-30 22:16', 
 'level': 'info', 
 'message': 'Database is connnected'
}
{
 'time': '2024-04-30 22:16', 
 'level': 'info', 
 'message': 'Server started on port 5000'
}
{
 'time': '2024-04-30 22:16', 
 'level': 'info', 
 'message': 'Database is connnected'
}
{
 'time': '2024-04-30 22:17', 
 'level': 'info', 
 'message': 'POST, /login/, 192.168.0.219'
}
{
 'time': '2024-04-30 22:17', 
 'level': 'info', 
 'message': 'Server started on port 5000'
}
{
 'time': '2024-04-30 22:17', 
 'level': 'info', 
 'message': 'Database is connnected'
}
{
 'time': '2024-04-30 22:17', 
 'level': 'info', 
 'message': 'POST, /login/, 192.168.0.219'
}
{
 'time': '2024-04-30 22:17', 
 'level': 'info', 
 'message': 'Server started on port 5000'
}
{
 'time': '2024-04-30 22:17', 
 'level': 'info', 
 'message': 'Database is connnected'
}
{
 'time': '2024-04-30 22:18', 
 'level': 'info', 
 'message': 'Server started on port 5000'
}
{
 'time': '2024-04-30 22:18', 
 'level': 'info', 
 'message': 'Database is connnected'
}
{
 'time': '2024-04-30 22:18', 
 'level': 'info', 
 'message': 'POST, /login/, 192.168.0.219'
}
{
 'time': '2024-04-30 22:18', 
 'level': 'info', 
 'message': 'Server started on port 5000'
}
{
 'time': '2024-04-30 22:18', 
 'level': 'info', 
 'message': 'Database is connnected'
}
{
 'time': '2024-04-30 22:18', 
 'level': 'info', 
 'message': 'Server started on port 5000'
}
{
 'time': '2024-04-30 22:18', 
 'level': 'info', 
 'message': 'Database is connnected'
}
{
 'time': '2024-04-30 22:18', 
 'level': 'info', 
 'message': 'POST, Tue Apr 30 2024 22:18:57 GMT+0200 (Central European Summer Time), /login/, 192.168.0.219'
}
{
 'time': '2024-04-30 22:22', 
 'level': 'info', 
 'message': 'Server started on port 5000'
}
{
 'time': '2024-04-30 22:22', 
 'level': 'info', 
 'message': 'Database is connnected'
}
{
 'time': '2024-04-30 22:23', 
 'level': 'info', 
 'message': 'POST, Tue, 30 Apr 2024 20:23:39 GMT, /login/, 192.168.0.219'
}
{
 'time': '2024-04-30 22:27', 
 'level': 'info', 
 'message': 'Server started on port 5000'
}
{
 'time': '2024-04-30 22:27', 
 'level': 'info', 
 'message': 'Database is connnected'
}
{
 'time': '2024-04-30 22:27', 
 'level': 'info', 
 'message': 'Server started on port 5000'
}
{
 'time': '2024-04-30 22:27', 
 'level': 'info', 
 'message': 'Database is connnected'
}
{
 'time': '2024-04-30 22:28', 
 'level': 'info', 
 'message': 'Server started on port 5000'
}
{
 'time': '2024-04-30 22:28', 
 'level': 'info', 
 'message': 'Database is connnected'
}
{
 'time': '2024-04-30 22:28', 
 'level': 'info', 
 'message': 'Server started on port 5000'
}
{
 'time': '2024-04-30 22:28', 
 'level': 'info', 
 'message': 'Database is connnected'
}
{
 'time': '2024-05-01 23:12', 
 'level': 'info', 
 'message': 'Server started on port 5000'
}
{
 'time': '2024-05-01 23:12', 
 'level': 'info', 
 'message': 'Database is connnected'
}
{
 'time': '2024-05-07 23:03', 
 'level': 'info', 
 'message': 'Server started on port 5000'
}
{
 'time': '2024-05-07 23:03', 
 'level': 'info', 
 'message': 'Database is connnected'
}
{
 'time': '2024-05-07 23:05', 
 'level': 'info', 
 'message': 'POST, /login/, 192.168.0.223'
}
{
 'time': '2024-05-07 23:06', 
 'level': 'info', 
 'message': 'POST, /login/, 192.168.0.223'
}
{
 'time': '2024-05-08 23:59', 
 'level': 'info', 
 'message': 'Server started on port 5000'
}
{
 'time': '2024-05-08 23:59', 
 'level': 'error', 
 'message': 'Database has error'
}
{
 'time': '2024-05-09 00:01', 
 'level': 'info', 
 'message': 'Server started on port 5000'
}
{
 'time': '2024-05-09 00:01', 
 'level': 'error', 
 'message': 'Database has error'
}
{
 'time': '2024-05-09 00:01', 
 'level': 'info', 
 'message': 'Server started on port 5000'
}
{
 'time': '2024-05-09 00:01', 
 'level': 'error', 
 'message': 'Database has error'
}
{
 'time': '2024-05-09 00:02', 
 'level': 'info', 
 'message': 'Server started on port 5000'
}
{
 'time': '2024-05-09 00:02', 
 'level': 'error', 
 'message': 'Database has error'
}
{
 'time': '2024-05-09 00:02', 
 'level': 'info', 
 'message': 'Server started on port 5000'
}
{
 'time': '2024-05-09 00:02', 
 'level': 'info', 
 'message': 'Database is connnected'
}
{
 'time': '2024-05-09 00:03', 
 'level': 'info', 
 'message': 'Server started on port 5000'
}
{
 'time': '2024-05-09 00:03', 
 'level': 'info', 
 'message': 'Database is connnected'
}
{
 'time': '2024-05-09 01:42', 
 'level': 'info', 
 'message': 'Server started on port 5000'
}
{
 'time': '2024-05-09 01:42', 
 'level': 'info', 
 'message': 'Database is connnected'
}
{
 'time': '2024-05-11 01:48', 
 'level': 'info', 
 'message': 'Server started on port 5000'
}
{
 'time': '2024-05-11 01:48', 
 'level': 'info', 
 'message': 'Database is connnected'
}
{
 'time': '2024-05-11 01:50', 
 'level': 'info', 
 'message': 'OPTIONS, /login, 192.168.0.226'
}
{
 'time': '2024-05-11 01:50', 
 'level': 'info', 
 'message': 'POST, /login, 192.168.0.226'
}
{
 'time': '2024-05-11 01:50', 
 'level': 'info', 
 'message': 'POST, /login, 192.168.0.226'
}
{
 'time': '2024-05-13 18:31', 
 'level': 'info', 
 'message': 'Server started on port 5000'
}
{
 'time': '2024-05-13 18:31', 
 'level': 'error', 
 'message': 'Database has error'
}
{
 'time': '2024-05-13 18:32', 
 'level': 'info', 
 'message': 'Server started on port 5000'
}
{
 'time': '2024-05-13 18:32', 
 'level': 'info', 
 'message': 'Database is connnected'
}
{
 'time': '2024-05-13 18:32', 
 'level': 'info', 
 'message': 'POST, /login/, 192.168.0.227'
}
{
 'time': '2024-05-13 18:33', 
 'level': 'info', 
 'message': 'POST, /login/, 192.168.0.227'
}
{
 'time': '2024-05-13 18:38', 
 'level': 'info', 
 'message': 'POST, /register/, 192.168.0.227'
}
{
 'time': '2024-05-13 18:38', 
 'level': 'info', 
 'message': 'POST, /register/, 192.168.0.227'
}
{
 'time': '2024-05-13 18:38', 
 'level': 'error', 
 'message': '[31m'
}
{
 'time': '2024-05-13 18:41', 
 'level': 'info', 
 'message': 'Server started on port 5000'
}
{
 'time': '2024-05-13 18:41', 
 'level': 'info', 
 'message': 'Database is connnected'
}
{
 'time': '2024-05-13 18:41', 
 'level': 'info', 
 'message': 'Server started on port 5000'
}
{
 'time': '2024-05-13 18:41', 
 'level': 'info', 
 'message': 'Database is connnected'
}
{
 'time': '2024-05-13 18:41', 
 'level': 'info', 
 'message': 'Server started on port 5000'
}
{
 'time': '2024-05-13 18:41', 
 'level': 'info', 
 'message': 'Database is connnected'
}
{
 'time': '2024-05-13 18:41', 
 'level': 'info', 
 'message': 'Server started on port 5000'
}
{
 'time': '2024-05-13 18:41', 
 'level': 'info', 
 'message': 'Database is connnected'
}
{
 'time': '2024-05-13 18:41', 
 'level': 'info', 
 'message': 'Server started on port 5000'
}
{
 'time': '2024-05-13 18:41', 
 'level': 'info', 
 'message': 'Database is connnected'
}
{
 'time': '2024-05-13 18:41', 
 'level': 'info', 
 'message': 'POST, /register/, 192.168.0.227'
}
{
 'time': '2024-05-13 18:41', 
 'level': 'error', 
 'message': '[31m'
}
{
 'time': '2024-05-13 18:42', 
 'level': 'info', 
 'message': 'Server started on port 5000'
}
{
 'time': '2024-05-13 18:42', 
 'level': 'info', 
 'message': 'Database is connnected'
}
{
 'time': '2024-05-13 18:42', 
 'level': 'info', 
 'message': 'Server started on port 5000'
}
{
 'time': '2024-05-13 18:42', 
 'level': 'info', 
 'message': 'Database is connnected'
}
{
 'time': '2024-05-13 18:42', 
 'level': 'info', 
 'message': 'Server started on port 5000'
}
{
 'time': '2024-05-13 18:42', 
 'level': 'info', 
 'message': 'Database is connnected'
}
{
 'time': '2024-05-13 18:42', 
 'level': 'info', 
 'message': 'POST, /register/, 192.168.0.227'
}
{
 'time': '2024-05-13 18:42', 
 'level': 'error', 
 'message': '[31m'
}
{
 'time': '2024-05-13 18:42', 
 'level': 'info', 
 'message': 'Server started on port 5000'
}
{
 'time': '2024-05-13 18:42', 
 'level': 'info', 
 'message': 'Database is connnected'
}
{
 'time': '2024-05-13 18:42', 
 'level': 'info', 
 'message': 'POST, /register/, 192.168.0.227'
}
{
 'time': '2024-05-13 18:42', 
 'level': 'error', 
 'message': '[31m'
}
{
 'time': '2024-05-13 18:45', 
 'level': 'info', 
 'message': 'Server started on port 5000'
}
{
 'time': '2024-05-13 18:45', 
 'level': 'info', 
 'message': 'Database is connnected'
}
{
 'time': '2024-05-13 18:45', 
 'level': 'info', 
 'message': 'Server started on port 5000'
}
{
 'time': '2024-05-13 18:45', 
 'level': 'info', 
 'message': 'Database is connnected'
}
{
 'time': '2024-05-13 18:45', 
 'level': 'info', 
 'message': 'POST, /register/, 192.168.0.227'
}
{
 'time': '2024-05-13 18:45', 
 'level': 'error', 
 'message': '[31m'
}
{
 'time': '2024-05-13 18:46', 
 'level': 'info', 
 'message': 'Server started on port 5000'
}
{
 'time': '2024-05-13 18:46', 
 'level': 'info', 
 'message': 'Database is connnected'
}
{
 'time': '2024-05-13 18:46', 
 'level': 'info', 
 'message': 'Server started on port 5000'
}
{
 'time': '2024-05-13 18:46', 
 'level': 'info', 
 'message': 'Database is connnected'
}
{
 'time': '2024-05-13 18:47', 
 'level': 'info', 
 'message': 'Server started on port 5000'
}
{
 'time': '2024-05-13 18:47', 
 'level': 'info', 
 'message': 'Database is connnected'
}
{
 'time': '2024-05-13 18:48', 
 'level': 'info', 
 'message': 'Server started on port 5000'
}
{
 'time': '2024-05-13 18:48', 
 'level': 'info', 
 'message': 'Database is connnected'
}
{
 'time': '2024-05-13 18:48', 
 'level': 'info', 
 'message': 'Server started on port 5000'
}
{
 'time': '2024-05-13 18:48', 
 'level': 'info', 
 'message': 'Database is connnected'
}
{
 'time': '2024-05-13 18:48', 
 'level': 'info', 
 'message': 'POST, /register/, 192.168.0.227'
}
{
 'time': '2024-05-13 18:48', 
 'level': 'error', 
 'message': '[31m'
}
{
 'time': '2024-05-13 18:48', 
 'level': 'info', 
 'message': 'Server started on port 5000'
}
{
 'time': '2024-05-13 18:48', 
 'level': 'info', 
 'message': 'Database is connnected'
}
{
 'time': '2024-05-13 18:48', 
 'level': 'info', 
 'message': 'POST, /register/, 192.168.0.227'
}
{
 'time': '2024-05-13 18:48', 
 'level': 'error', 
 'message': '[31m'
}
{
 'time': '2024-05-13 18:48', 
 'level': 'info', 
 'message': 'Server started on port 5000'
}
{
 'time': '2024-05-13 18:48', 
 'level': 'info', 
 'message': 'Database is connnected'
}
{
 'time': '2024-05-13 18:48', 
 'level': 'info', 
 'message': 'Server started on port 5000'
}
{
 'time': '2024-05-13 18:48', 
 'level': 'info', 
 'message': 'Database is connnected'
}
{
 'time': '2024-05-13 18:48', 
 'level': 'info', 
 'message': 'POST, /register/, 192.168.0.227'
}
{
 'time': '2024-05-13 18:48', 
 'level': 'error', 
 'message': '[31m'
}
{
 'time': '2024-05-13 18:50', 
 'level': 'info', 
 'message': 'POST, /register/, 192.168.0.227'
}
{
 'time': '2024-05-13 18:50', 
 'level': 'error', 
 'message': '[31m'
}
{
 'time': '2024-05-13 18:50', 
 'level': 'info', 
 'message': 'Server started on port 5000'
}
{
 'time': '2024-05-13 18:50', 
 'level': 'info', 
 'message': 'Database is connnected'
}
{
 'time': '2024-05-13 18:50', 
 'level': 'info', 
 'message': 'Server started on port 5000'
}
{
 'time': '2024-05-13 18:50', 
 'level': 'info', 
 'message': 'Database is connnected'
}
{
 'time': '2024-05-13 18:50', 
 'level': 'info', 
 'message': 'POST, /register/, 192.168.0.227'
}
{
 'time': '2024-05-13 18:50', 
 'level': 'error', 
 'message': '[31m'
}
{
 'time': '2024-05-13 18:50', 
 'level': 'info', 
 'message': 'Server started on port 5000'
}
{
 'time': '2024-05-13 18:50', 
 'level': 'info', 
 'message': 'Database is connnected'
}
{
 'time': '2024-05-13 18:51', 
 'level': 'info', 
 'message': 'POST, /register/, 192.168.0.227'
}
{
 'time': '2024-05-13 18:51', 
 'level': 'error', 
 'message': '[31m'
}
{
 'time': '2024-05-13 18:51', 
 'level': 'info', 
 'message': 'Server started on port 5000'
}
{
 'time': '2024-05-13 18:51', 
 'level': 'info', 
 'message': 'Database is connnected'
}
{
 'time': '2024-05-13 18:51', 
 'level': 'info', 
 'message': 'POST, /register/, 192.168.0.227'
}
{
 'time': '2024-05-13 18:51', 
 'level': 'error', 
 'message': '[31m'
}
{
 'time': '2024-05-13 18:51', 
 'level': 'info', 
 'message': 'Server started on port 5000'
}
{
 'time': '2024-05-13 18:51', 
 'level': 'info', 
 'message': 'Database is connnected'
}
{
 'time': '2024-05-13 18:51', 
 'level': 'info', 
 'message': 'POST, /register/, 192.168.0.227'
}
{
 'time': '2024-05-13 18:51', 
 'level': 'error', 
 'message': '[31m'
}
{
 'time': '2024-05-13 18:51', 
 'level': 'info', 
 'message': 'Server started on port 5000'
}
{
 'time': '2024-05-13 18:51', 
 'level': 'info', 
 'message': 'Database is connnected'
}
{
 'time': '2024-05-13 18:57', 
 'level': 'info', 
 'message': 'Server started on port 5000'
}
{
 'time': '2024-05-13 18:57', 
 'level': 'info', 
 'message': 'Database is connnected'
}
{
 'time': '2024-05-13 18:57', 
 'level': 'info', 
 'message': 'POST, /register/, 192.168.0.227'
}
{
 'time': '2024-05-13 18:57', 
 'level': 'error', 
 'message': '[31m'
}
{
 'time': '2024-05-13 18:57', 
 'level': 'info', 
 'message': 'Server started on port 5000'
}
{
 'time': '2024-05-13 18:57', 
 'level': 'info', 
 'message': 'Database is connnected'
}
{
 'time': '2024-05-13 19:05', 
 'level': 'info', 
 'message': 'Server started on port 5000'
}
{
 'time': '2024-05-13 19:05', 
 'level': 'info', 
 'message': 'Database is connnected'
}
{
 'time': '2024-05-13 19:05', 
 'level': 'info', 
 'message': 'POST, /register/, 192.168.0.227'
}
{
 'time': '2024-05-13 19:05', 
 'level': 'error', 
 'message': '[31m'
}
{
 'time': '2024-05-13 20:22', 
 'level': 'info', 
 'message': 'Server started on port 5000'
}
{
 'time': '2024-05-13 20:22', 
 'level': 'info', 
 'message': 'Database is connnected'
}
{
 'time': '2024-05-13 20:23', 
 'level': 'info', 
 'message': 'Server started on port 5000'
}
{
 'time': '2024-05-13 20:23', 
 'level': 'info', 
 'message': 'Database is connnected'
}
{
 'time': '2024-05-13 20:23', 
 'level': 'info', 
 'message': 'POST, /register/, 192.168.0.227'
}
{
 'time': '2024-05-13 20:23', 
 'level': 'error', 
 'message': '[31m'
}
{
 'time': '2024-05-13 20:23', 
 'level': 'info', 
 'message': 'Server started on port 5000'
}
{
 'time': '2024-05-13 20:23', 
 'level': 'info', 
 'message': 'Database is connnected'
}
{
 'time': '2024-05-13 20:23', 
 'level': 'info', 
 'message': 'POST, /register/, 192.168.0.227'
}
{
 'time': '2024-05-13 20:23', 
 'level': 'error', 
 'message': '[31m'
}
{
 'time': '2024-05-13 20:24', 
 'level': 'info', 
 'message': 'Server started on port 5000'
}
{
 'time': '2024-05-13 20:24', 
 'level': 'info', 
 'message': 'Database is connnected'
}
{
 'time': '2024-05-13 20:24', 
 'level': 'info', 
 'message': 'POST, /register/, 192.168.0.227'
}
{
 'time': '2024-05-13 20:24', 
 'level': 'error', 
 'message': '[31m'
}
{
 'time': '2024-05-13 20:25', 
 'level': 'info', 
 'message': 'Server started on port 5000'
}
{
 'time': '2024-05-13 20:25', 
 'level': 'info', 
 'message': 'Database is connnected'
}
{
 'time': '2024-05-13 20:27', 
 'level': 'info', 
 'message': 'Server started on port 5000'
}
{
 'time': '2024-05-13 20:27', 
 'level': 'info', 
 'message': 'Database is connnected'
}
{
 'time': '2024-05-13 20:27', 
 'level': 'info', 
 'message': 'Server started on port 5000'
}
{
 'time': '2024-05-13 20:27', 
 'level': 'info', 
 'message': 'Database is connnected'
}
{
 'time': '2024-05-13 20:27', 
 'level': 'info', 
 'message': 'POST, /register/, 192.168.0.227'
}
{
 'time': '2024-05-13 20:27', 
 'level': 'error', 
 'message': '[31m'
}
{
 'time': '2024-05-13 20:28', 
 'level': 'info', 
 'message': 'Server started on port 5000'
}
{
 'time': '2024-05-13 20:28', 
 'level': 'info', 
 'message': 'Database is connnected'
}
{
 'time': '2024-05-13 20:28', 
 'level': 'info', 
 'message': 'Server started on port 5000'
}
{
 'time': '2024-05-13 20:28', 
 'level': 'info', 
 'message': 'Database is connnected'
}
{
 'time': '2024-05-13 20:28', 
 'level': 'info', 
 'message': 'POST, /register/, 192.168.0.227'
}
{
 'time': '2024-05-13 20:28', 
 'level': 'error', 
 'message': '[31m'
}
{
 'time': '2024-05-13 20:29', 
 'level': 'info', 
 'message': 'Server started on port 5000'
}
{
 'time': '2024-05-13 20:29', 
 'level': 'info', 
 'message': 'Database is connnected'
}
{
 'time': '2024-05-13 20:29', 
 'level': 'info', 
 'message': 'Server started on port 5000'
}
{
 'time': '2024-05-13 20:29', 
 'level': 'info', 
 'message': 'Database is connnected'
}
{
 'time': '2024-05-13 20:57', 
 'level': 'info', 
 'message': 'Server started on port 5000'
}
{
 'time': '2024-05-13 20:57', 
 'level': 'info', 
 'message': 'Database is connnected'
}
{
 'time': '2024-05-13 20:57', 
 'level': 'info', 
 'message': 'Server started on port 5000'
}
{
 'time': '2024-05-13 20:57', 
 'level': 'info', 
 'message': 'Database is connnected'
}
{
 'time': '2024-05-13 20:58', 
 'level': 'info', 
 'message': 'Server started on port 5000'
}
{
 'time': '2024-05-13 20:58', 
 'level': 'info', 
 'message': 'Database is connnected'
}
{
 'time': '2024-05-17 20:36', 
 'level': 'info', 
 'message': 'Server started on port 5000'
}
{
 'time': '2024-05-17 20:36', 
 'level': 'info', 
 'message': 'Database is connnected'
}
{
 'time': '2024-05-22 00:10', 
 'level': 'info', 
 'message': 'Server started on port 5000'
}
{
 'time': '2024-05-22 00:10', 
 'level': 'error', 
 'message': 'Database has error'
}
{
 'time': '2024-05-22 00:11', 
 'level': 'info', 
 'message': 'Server started on port 5000'
}
{
 'time': '2024-05-22 00:11', 
 'level': 'error', 
 'message': 'Database has error'
}
{
 'time': '2024-05-22 00:11', 
 'level': 'info', 
 'message': 'Server started on port 5000'
}
{
 'time': '2024-05-22 00:11', 
 'level': 'error', 
 'message': 'Database has error'
}
{
 'time': '2024-05-22 00:11', 
 'level': 'info', 
 'message': 'Server started on port 5000'
}
{
 'time': '2024-05-22 00:11', 
 'level': 'error', 
 'message': 'Database has error'
}
{
 'time': '2024-05-24 22:03', 
 'level': 'info', 
 'message': 'Server started on port 5000'
}
{
 'time': '2024-05-24 22:03', 
 'level': 'error', 
 'message': 'Database has error'
}
{
 'time': '2024-05-24 22:03', 
 'level': 'info', 
 'message': 'Server started on port 5000'
}
{
 'time': '2024-05-24 22:04', 
 'level': 'info', 
 'message': 'Database is connnected'
}
{
 'time': '2024-06-04 10:02', 
 'level': 'info', 
 'message': 'Server started on port 5000'
}
{
 'time': '2024-06-04 10:02', 
 'level': 'error', 
 'message': 'Database has error'
}
{
 'time': '2024-06-05 01:16', 
 'level': 'info', 
 'message': 'Server started on port 5000'
}
{
 'time': '2024-06-05 01:16', 
 'level': 'error', 
 'message': 'Database has error'
}
{
 'time': '2024-06-05 01:21', 
 'level': 'info', 
 'message': 'Server started on port 5000'
}
{
 'time': '2024-06-05 01:21', 
 'level': 'error', 
 'message': 'Database has error'
}
{
 'time': '2024-06-05 01:21', 
 'level': 'info', 
 'message': 'Server started on port 5000'
}
{
 'time': '2024-06-05 01:21', 
 'level': 'error', 
 'message': 'Database has error'
}
{
 'time': '2024-06-05 01:21', 
 'level': 'info', 
 'message': 'Server started on port 5000'
}
{
 'time': '2024-06-05 01:21', 
 'level': 'error', 
 'message': 'Database has error'
}
{
 'time': '2024-06-05 01:22', 
 'level': 'info', 
 'message': 'Server started on port 5000'
}
{
 'time': '2024-06-05 01:22', 
 'level': 'error', 
 'message': 'Database has error'
}
{
 'time': '2024-06-05 01:36', 
 'level': 'info', 
 'message': 'Server started on port 5000'
}
{
 'time': '2024-06-05 01:36', 
 'level': 'error', 
 'message': 'Database has error'
}
{
 'time': '2024-06-05 01:37', 
 'level': 'info', 
 'message': 'Server started on port 5000'
}
{
 'time': '2024-06-05 01:37', 
 'level': 'error', 
 'message': 'Database has error'
}
{
 'time': '2024-06-05 01:38', 
 'level': 'info', 
 'message': 'Server started on port 5000'
}
{
 'time': '2024-06-05 01:38', 
 'level': 'error', 
 'message': 'Database has error'
}
{
 'time': '2024-06-05 01:38', 
 'level': 'info', 
 'message': 'Server started on port 5000'
}
{
 'time': '2024-06-05 01:38', 
 'level': 'error', 
 'message': 'Database has error'
}
{
 'time': '2024-06-05 01:56', 
 'level': 'info', 
 'message': 'Server started on port 5000'
}
{
 'time': '2024-06-05 01:56', 
 'level': 'error', 
 'message': 'Database has error'
}
{
 'time': '2024-06-06 17:19', 
 'level': 'info', 
 'message': 'Server started on port 5000'
}
{
 'time': '2024-06-06 17:19', 
 'level': 'error', 
 'message': 'Database has error'
}
{
 'time': '2024-06-06 17:20', 
 'level': 'info', 
 'message': 'Server started on port 5000'
}
{
 'time': '2024-06-06 17:20', 
 'level': 'info', 
 'message': 'Database is connnected'
}
{
 'time': '2024-06-06 17:21', 
 'level': 'info', 
 'message': 'OPTIONS, /login'
}
{
 'time': '2024-06-06 17:21', 
 'level': 'info', 
 'message': 'POST, /login'
}
{
 'time': '2024-06-09 16:36', 
 'level': 'info', 
 'message': 'Server started on port 5000'
}
{
 'time': '2024-06-09 16:36', 
 'level': 'info', 
 'message': 'Database is connnected'
}
{
 'time': '2024-06-09 16:36', 
 'level': 'info', 
 'message': 'Server started on port 5000'
}
{
 'time': '2024-06-09 16:36', 
 'level': 'info', 
 'message': 'Database is connnected'
}
{
 'time': '2024-06-09 16:36', 
 'level': 'info', 
 'message': 'Server started on port 5000'
}
{
 'time': '2024-06-09 16:36', 
 'level': 'info', 
 'message': 'Database is connnected'
}
{
 'time': '2024-06-09 16:36', 
 'level': 'info', 
 'message': 'Server started on port 5000'
}
{
 'time': '2024-06-09 16:36', 
 'level': 'info', 
 'message': 'Database is connnected'
}
{
 'time': '2024-06-09 16:36', 
 'level': 'info', 
 'message': 'Server started on port 5000'
}
{
 'time': '2024-06-09 16:36', 
 'level': 'info', 
 'message': 'Database is connnected'
}
{
 'time': '2024-06-09 16:37', 
 'level': 'info', 
 'message': 'Server started on port 5000'
}
{
 'time': '2024-06-09 16:37', 
 'level': 'info', 
 'message': 'Database is connnected'
}
{
 'time': '2024-06-09 16:37', 
 'level': 'info', 
 'message': 'Server started on port 5000'
}
{
 'time': '2024-06-09 16:37', 
 'level': 'info', 
 'message': 'Database is connnected'
}
{
 'time': '2024-06-09 16:37', 
 'level': 'info', 
 'message': 'Server started on port 5000'
}
{
 'time': '2024-06-09 16:37', 
 'level': 'info', 
 'message': 'Database is connnected'
}
{
 'time': '2024-06-09 16:37', 
 'level': 'info', 
 'message': 'Server started on port 5000'
}
{
 'time': '2024-06-09 16:37', 
 'level': 'info', 
 'message': 'Database is connnected'
}
{
 'time': '2024-06-09 16:38', 
 'level': 'info', 
 'message': 'Server started on port 5000'
}
{
 'time': '2024-06-09 16:38', 
 'level': 'info', 
 'message': 'Database is connnected'
}
{
 'time': '2024-06-09 16:38', 
 'level': 'info', 
 'message': 'Server started on port 5000'
}
{
 'time': '2024-06-09 16:38', 
 'level': 'info', 
 'message': 'Database is connnected'
}
{
 'time': '2024-06-09 16:38', 
 'level': 'info', 
 'message': 'Server started on port 5000'
}
{
 'time': '2024-06-09 16:38', 
 'level': 'info', 
 'message': 'Database is connnected'
}
{
 'time': '2024-06-09 16:38', 
 'level': 'info', 
 'message': 'Server started on port 5000'
}
{
 'time': '2024-06-09 16:38', 
 'level': 'info', 
 'message': 'Database is connnected'
}
{
 'time': '2024-06-09 16:39', 
 'level': 'info', 
 'message': 'Server started on port 5000'
}
{
 'time': '2024-06-09 16:39', 
 'level': 'info', 
 'message': 'Database is connnected'
}
{
 'time': '2024-06-09 16:39', 
 'level': 'info', 
 'message': 'Server started on port 5000'
}
{
 'time': '2024-06-09 16:39', 
 'level': 'info', 
 'message': 'Database is connnected'
}
{
 'time': '2024-06-09 16:39', 
 'level': 'info', 
 'message': 'Server started on port 5000'
}
{
 'time': '2024-06-09 16:39', 
 'level': 'info', 
 'message': 'Database is connnected'
}
{
 'time': '2024-06-09 16:39', 
 'level': 'info', 
 'message': 'Server started on port 5000'
}
{
 'time': '2024-06-09 16:39', 
 'level': 'info', 
 'message': 'Database is connnected'
}
{
 'time': '2024-06-09 16:41', 
 'level': 'info', 
 'message': 'Server started on port 5000'
}
{
 'time': '2024-06-09 16:41', 
 'level': 'info', 
 'message': 'Database is connnected'
}
{
 'time': '2024-06-09 16:41', 
 'level': 'info', 
 'message': 'Server started on port 5000'
}
{
 'time': '2024-06-09 16:41', 
 'level': 'info', 
 'message': 'Database is connnected'
}
{
 'time': '2024-06-09 16:41', 
 'level': 'info', 
 'message': 'Server started on port 5000'
}
{
 'time': '2024-06-09 16:41', 
 'level': 'info', 
 'message': 'Database is connnected'
}
{
 'time': '2024-06-09 16:41', 
 'level': 'info', 
 'message': 'Server started on port 5000'
}
{
 'time': '2024-06-09 16:41', 
 'level': 'info', 
 'message': 'Database is connnected'
}
{
 'time': '2024-06-09 16:41', 
 'level': 'info', 
 'message': 'Server started on port 5000'
}
{
 'time': '2024-06-09 16:41', 
 'level': 'info', 
 'message': 'Database is connnected'
}
{
 'time': '2024-06-09 16:41', 
 'level': 'info', 
 'message': 'Server started on port 5000'
}
{
 'time': '2024-06-09 16:41', 
 'level': 'info', 
 'message': 'Database is connnected'
}
{
 'time': '2024-06-09 16:41', 
 'level': 'info', 
 'message': 'Server started on port 5000'
}
{
 'time': '2024-06-09 16:41', 
 'level': 'info', 
 'message': 'Database is connnected'
}
{
 'time': '2024-06-09 18:01', 
 'level': 'info', 
 'message': 'Server started on port 5000'
}
{
 'time': '2024-06-09 18:01', 
 'level': 'info', 
 'message': 'Database is connnected'
}
{
 'time': '2024-06-10 00:43', 
 'level': 'info', 
 'message': 'Server started on port 5000'
}
{
 'time': '2024-06-10 00:43', 
 'level': 'info', 
 'message': 'Database is connnected'
}
{
 'time': '2024-06-12 01:14', 
 'level': 'info', 
 'message': 'Server started on port 5000'
}
{
 'time': '2024-06-12 01:14', 
 'level': 'info', 
 'message': 'Database is connnected'
}
